生成启动时间为 2018/1/28 22:46:46。
     1>项目“C:\Users\48447\Desktop\PAT\B1046\B1046\B1046.vcxproj”在节点 2 上(build 个目标)。
     1>InitializeBuildStatus:
         正在对“Debug\B1046.unsuccessfulbuild”执行 Touch 任务。
       ClCompile:
         C:\Program Files (x86)\Microsoft Visual Studio 10.0\VC\bin\CL.exe /c /ZI /nologo /W3 /WX- /Od /Oy- /D WIN32 /D _DEBUG /D _CONSOLE /D _UNICODE /D UNICODE /Gm /EHsc /RTC1 /MDd /GS /fp:precise /Zc:wchar_t /Zc:forScope /Fo"Debug\\" /Fd"Debug\vc100.pdb" /Gd /TP /analyze- /errorReport:prompt B1046.cpp
         B1046.cpp
     1>c:\users\48447\desktop\pat\b1046\b1046\b1046.cpp(4): warning C4996: 'scanf': This function or variable may be unsafe. Consider using scanf_s instead. To disable deprecation, use _CRT_SECURE_NO_WARNINGS. See online help for details.
                 c:\program files (x86)\microsoft visual studio 10.0\vc\include\stdio.h(304) : 参见“scanf”的声明
     1>c:\users\48447\desktop\pat\b1046\b1046\b1046.cpp(7): warning C4996: 'scanf': This function or variable may be unsafe. Consider using scanf_s instead. To disable deprecation, use _CRT_SECURE_NO_WARNINGS. See online help for details.
                 c:\program files (x86)\microsoft visual studio 10.0\vc\include\stdio.h(304) : 参见“scanf”的声明
       ManifestResourceCompile:
         C:\Program Files (x86)\Microsoft SDKs\Windows\v7.0A\bin\rc.exe /nologo /fo"Debug\B1046.exe.embed.manifest.res" Debug\B1046_manifest.rc 
       Link:
         C:\Program Files (x86)\Microsoft Visual Studio 10.0\VC\bin\link.exe /ERRORREPORT:PROMPT /OUT:"C:\Users\48447\Desktop\PAT\B1046\Debug\B1046.exe" /INCREMENTAL /NOLOGO kernel32.lib user32.lib gdi32.lib winspool.lib comdlg32.lib advapi32.lib shell32.lib ole32.lib oleaut32.lib uuid.lib odbc32.lib odbccp32.lib /MANIFEST /ManifestFile:"Debug\B1046.exe.intermediate.manifest" /MANIFESTUAC:"level='asInvoker' uiAccess='false'" /DEBUG /PDB:"C:\Users\48447\Desktop\PAT\B1046\Debug\B1046.pdb" /SUBSYSTEM:CONSOLE /TLBID:1 /DYNAMICBASE /NXCOMPAT /IMPLIB:"C:\Users\48447\Desktop\PAT\B1046\Debug\B1046.lib" /MACHINE:X86 Debug\B1046.exe.embed.manifest.res
         Debug\B1046.obj
       Manifest:
         C:\Program Files (x86)\Microsoft SDKs\Windows\v7.0A\bin\mt.exe /nologo /verbose /out:"Debug\B1046.exe.embed.manifest" /manifest Debug\B1046.exe.intermediate.manifest
         C:\Program Files (x86)\Microsoft SDKs\Windows\v7.0A\bin\rc.exe /nologo /fo"Debug\B1046.exe.embed.manifest.res" Debug\B1046_manifest.rc 
       LinkEmbedManifest:
         C:\Program Files (x86)\Microsoft Visual Studio 10.0\VC\bin\link.exe /ERRORREPORT:PROMPT /OUT:"C:\Users\48447\Desktop\PAT\B1046\Debug\B1046.exe" /INCREMENTAL /NOLOGO kernel32.lib user32.lib gdi32.lib winspool.lib comdlg32.lib advapi32.lib shell32.lib ole32.lib oleaut32.lib uuid.lib odbc32.lib odbccp32.lib /MANIFEST /ManifestFile:"Debug\B1046.exe.intermediate.manifest" /MANIFESTUAC:"level='asInvoker' uiAccess='false'" /DEBUG /PDB:"C:\Users\48447\Desktop\PAT\B1046\Debug\B1046.pdb" /SUBSYSTEM:CONSOLE /TLBID:1 /DYNAMICBASE /NXCOMPAT /IMPLIB:"C:\Users\48447\Desktop\PAT\B1046\Debug\B1046.lib" /MACHINE:X86 Debug\B1046.exe.embed.manifest.res
         Debug\B1046.obj
         B1046.vcxproj -> C:\Users\48447\Desktop\PAT\B1046\Debug\B1046.exe
       FinalizeBuildStatus:
         正在删除文件“Debug\B1046.unsuccessfulbuild”。
         正在对“Debug\B1046.lastbuildstate”执行 Touch 任务。
     1>已完成生成项目“C:\Users\48447\Desktop\PAT\B1046\B1046\B1046.vcxproj”(build 个目标)的操作。

生成成功。

已用时间 00:00:01.71
